==173751== Memcheck, a memory error detector
==173751== Copyright (C) 2002-2024, and GNU GPL'd, by Julian Seward et al.
==173751== Using Valgrind-3.26.0 and LibVEX; rerun with -h for copyright info
==173751== Command: ./build/CRayEngine
==173751== 
==173751== 
==173751== Process terminating with default action of signal 2 (SIGINT)
==173751==    at 0x48506D0: __memcpy_chk (vg_replace_strmem.c:1766)
==173751==    by 0x1AE5CFA0: memcpy (string_fortified.h:29)
==173751==    by 0x1AE5CFA0: allocateWithKey<llvm::MallocAllocator> (include/llvm/ADT/StringMapEntry.h:58)
==173751==    by 0x1AE5CFA0: create<llvm::MallocAllocator, llvm::cl::Option *> (include/llvm/ADT/StringMapEntry.h:126)
==173751==    by 0x1AE5CFA0: try_emplace_with_hash<llvm::cl::Option *> (include/llvm/ADT/StringMap.h:386)
==173751==    by 0x1AE5CFA0: insert (include/llvm/ADT/StringMap.h:330)
==173751==    by 0x1AE5CFA0: addOption (lib/Support/CommandLine.cpp:217)
==173751==    by 0x1AE5CFA0: operator() (lib/Support/CommandLine.cpp:250)
==173751==    by 0x1AE5CFA0: callback_fn<(lambda at /builddir/build/BUILD/llvm-21.1.7-build/llvm-project-21.1.7.src/llvm/lib/Support/CommandLine.cpp:250:27)> (include/llvm/ADT/STLFunctionalExtras.h:46)
==173751==    by 0x1AE5CFA0: operator() (include/llvm/ADT/STLFunctionalExtras.h:69)
==173751==    by 0x1AE5CFA0: forEachSubCommand (lib/Support/CommandLine.cpp:0)
==173751==    by 0x1AE5CFA0: addOption (lib/Support/CommandLine.cpp:250)
==173751==    by 0x1AE5CFA0: llvm::cl::Option::addArgument() (lib/Support/CommandLine.cpp:433)
==173751==    by 0x1AE5DAB4: done (include/llvm/Support/CommandLine.h:1479)
==173751==    by 0x1AE5DAB4: llvm::cl::opt<bool, false, llvm::cl::parser<bool> >::opt<char [25], llvm::cl::desc, llvm::cl::OptionHidden, llvm::cl::initializer<bool> >(char const (&) [25], llvm::cl::desc const&, llvm::cl::OptionHidden const&, llvm::cl::initializer<bool> const&) (include/llvm/Support/CommandLine.h:1509)
==173751==    by 0x1B320D03: __cxx_global_var_init.12 (lib/Transforms/Instrumentation/HWAddressSanitizer.cpp:117)
==173751==    by 0x1B320D03: _GLOBAL__sub_I_HWAddressSanitizer.cpp (lib/Transforms/Instrumentation/HWAddressSanitizer.cpp:0)
==173751==    by 0x40054A6: call_init (dl-init.c:74)
==173751==    by 0x40054A6: call_init (dl-init.c:26)
==173751==    by 0x400557C: _dl_init (dl-init.c:121)
==173751==    by 0x40017B4: _dl_catch_exception (dl-catch.c:215)
==173751==    by 0x400C528: dl_open_worker (dl-open.c:799)
==173751==    by 0x4001715: _dl_catch_exception (dl-catch.c:241)
==173751==    by 0x400C9D9: _dl_open (dl-open.c:900)
==173751==    by 0x4A367B3: dlopen_doit (dlopen.c:56)
==173751==    by 0x4001715: _dl_catch_exception (dl-catch.c:241)
==173751== 
==173751== HEAP SUMMARY:
==173751==     in use at exit: 964,118 bytes in 2,283 blocks
==173751==   total heap usage: 23,682 allocs, 21,399 frees, 4,470,387 bytes allocated
==173751== 
==173751== 41 bytes in 1 blocks are definitely lost in loss record 674 of 1,275
==173751==    at 0x4842472: operator new(unsigned long, std::align_val_t, std::nothrow_t const&) (vg_replace_malloc.c:668)
==173751==    by 0x1AE5CF67: allocate_buffer (lib/Support/MemAlloc.cpp:16)
==173751==    by 0x1AE5CF67: Allocate (include/llvm/Support/AllocatorBase.h:92)
==173751==    by 0x1AE5CF67: allocateWithKey<llvm::MallocAllocator> (include/llvm/ADT/StringMapEntry.h:52)
==173751==    by 0x1AE5CF67: create<llvm::MallocAllocator, llvm::cl::Option *> (include/llvm/ADT/StringMapEntry.h:126)
==173751==    by 0x1AE5CF67: try_emplace_with_hash<llvm::cl::Option *> (include/llvm/ADT/StringMap.h:386)
==173751==    by 0x1AE5CF67: insert (include/llvm/ADT/StringMap.h:330)
==173751==    by 0x1AE5CF67: addOption (lib/Support/CommandLine.cpp:217)
==173751==    by 0x1AE5CF67: operator() (lib/Support/CommandLine.cpp:250)
==173751==    by 0x1AE5CF67: callback_fn<(lambda at /builddir/build/BUILD/llvm-21.1.7-build/llvm-project-21.1.7.src/llvm/lib/Support/CommandLine.cpp:250:27)> (include/llvm/ADT/STLFunctionalExtras.h:46)
==173751==    by 0x1AE5CF67: operator() (include/llvm/ADT/STLFunctionalExtras.h:69)
==173751==    by 0x1AE5CF67: forEachSubCommand (lib/Support/CommandLine.cpp:0)
==173751==    by 0x1AE5CF67: addOption (lib/Support/CommandLine.cpp:250)
==173751==    by 0x1AE5CF67: llvm::cl::Option::addArgument() (lib/Support/CommandLine.cpp:433)
==173751==    by 0x1AE5DAB4: done (include/llvm/Support/CommandLine.h:1479)
==173751==    by 0x1AE5DAB4: llvm::cl::opt<bool, false, llvm::cl::parser<bool> >::opt<char [25], llvm::cl::desc, llvm::cl::OptionHidden, llvm::cl::initializer<bool> >(char const (&) [25], llvm::cl::desc const&, llvm::cl::OptionHidden const&, llvm::cl::initializer<bool> const&) (include/llvm/Support/CommandLine.h:1509)
==173751==    by 0x1B320D03: __cxx_global_var_init.12 (lib/Transforms/Instrumentation/HWAddressSanitizer.cpp:117)
==173751==    by 0x1B320D03: _GLOBAL__sub_I_HWAddressSanitizer.cpp (lib/Transforms/Instrumentation/HWAddressSanitizer.cpp:0)
==173751==    by 0x40054A6: call_init (dl-init.c:74)
==173751==    by 0x40054A6: call_init (dl-init.c:26)
==173751==    by 0x400557C: _dl_init (dl-init.c:121)
==173751==    by 0x40017B4: _dl_catch_exception (dl-catch.c:215)
==173751==    by 0x400C528: dl_open_worker (dl-open.c:799)
==173751==    by 0x4001715: _dl_catch_exception (dl-catch.c:241)
==173751==    by 0x400C9D9: _dl_open (dl-open.c:900)
==173751==    by 0x4A367B3: dlopen_doit (dlopen.c:56)
==173751==    by 0x4001715: _dl_catch_exception (dl-catch.c:241)
==173751== 
==173751== 80 bytes in 1 blocks are possibly lost in loss record 1,121 of 1,275
==173751==    at 0x4840B26: malloc (vg_replace_malloc.c:447)
==173751==    by 0x4BBE38E: RegisterStubCallbacks (GLdispatch.c:426)
==173751==    by 0x4BBEACB: __glDispatchInit (GLdispatch.c:202)
==173751==    by 0x4998055: __glXInit (libglx.c:2079)
==173751==    by 0x40054A6: call_init (dl-init.c:74)
==173751==    by 0x40054A6: call_init (dl-init.c:26)
==173751==    by 0x400557C: _dl_init (dl-init.c:121)
==173751==    by 0x401DE9F: ??? (in /usr/lib64/ld-linux-x86-64.so.2)
==173751== 
==173751== 80 bytes in 1 blocks are possibly lost in loss record 1,122 of 1,275
==173751==    at 0x4840B26: malloc (vg_replace_malloc.c:447)
==173751==    by 0x4BBE38E: RegisterStubCallbacks (GLdispatch.c:426)
==173751==    by 0x4BBECCE: __glDispatchRegisterStubCallbacks (GLdispatch.c:445)
==173751==    by 0x49734C8: __libGLInit (libopengl.c:46)
==173751==    by 0x40054A6: call_init (dl-init.c:74)
==173751==    by 0x40054A6: call_init (dl-init.c:26)
==173751==    by 0x400557C: _dl_init (dl-init.c:121)
==173751==    by 0x401DE9F: ??? (in /usr/lib64/ld-linux-x86-64.so.2)
==173751== 
==173751== 5,616 bytes in 2 blocks are possibly lost in loss record 1,256 of 1,275
==173751==    at 0x4840B26: malloc (vg_replace_malloc.c:447)
==173751==    by 0x4004D2D: malloc (rtld-malloc.h:56)
==173751==    by 0x4004D2D: _dlfo_mappings_segment_allocate (dl-find_object.c:217)
==173751==    by 0x4004D2D: _dl_find_object_update_1 (dl-find_object.c:696)
==173751==    by 0x4004D2D: _dl_find_object_update (dl-find_object.c:829)
==173751==    by 0x400D2F8: dl_open_worker_begin (dl-open.c:715)
==173751==    by 0x4001715: _dl_catch_exception (dl-catch.c:241)
==173751==    by 0x400C49B: dl_open_worker (dl-open.c:762)
==173751==    by 0x4001715: _dl_catch_exception (dl-catch.c:241)
==173751==    by 0x400C9D9: _dl_open (dl-open.c:900)
==173751==    by 0x4A367B3: dlopen_doit (dlopen.c:56)
==173751==    by 0x4001715: _dl_catch_exception (dl-catch.c:241)
==173751==    by 0x4001868: _dl_catch_error (dl-catch.c:260)
==173751==    by 0x4A362A2: _dlerror_run (dlerror.c:138)
==173751==    by 0x4A3686A: dlopen_implementation (dlopen.c:71)
==173751==    by 0x4A3686A: dlopen@@GLIBC_2.34 (dlopen.c:81)
==173751== 
==173751== LEAK SUMMARY:
==173751==    definitely lost: 41 bytes in 1 blocks
==173751==    indirectly lost: 0 bytes in 0 blocks
==173751==      possibly lost: 5,776 bytes in 4 blocks
==173751==    still reachable: 958,301 bytes in 2,278 blocks
==173751==         suppressed: 0 bytes in 0 blocks
==173751== Reachable blocks (those to which a pointer was found) are not shown.
==173751== To see them, rerun with: --leak-check=full --show-leak-kinds=all
==173751== 
==173751== For lists of detected and suppressed errors, rerun with: -s
==173751== ERROR SUMMARY: 4 errors from 4 contexts (suppressed: 0 from 0)
